<?xml version="1.0" encoding="UTF-8"?>
<!-- Generated by org.testng.reporters.JUnitReportReporter -->
<testsuite skipped="0" hostname="MAVBCP139" name="calculatorTest.Assertclass" tests="5" failures="0" timestamp="2020-07-02T16:32:15 IST" time="0.024" errors="0">
  <testcase name="div" time="0.003" classname="calculatorTest.Assertclass"/>
  <system-out/>
  <testcase name="sub" time="0.003" classname="calculatorTest.Assertclass"/>
  <system-out/>
  <testcase name="exponent" time="0.004" classname="calculatorTest.Assertclass"/>
  <system-out/>
  <testcase name="mul" time="0.002" classname="calculatorTest.Assertclass"/>
  <system-out/>
  <testcase name="add" time="0.012" classname="calculatorTest.Assertclass"/>
  <system-out>
Addition operation is successful  </system-out>
</testsuite> <!-- calculatorTest.Assertclass -->
