<?xml version="1.0" encoding="UTF-8"?>
<!-- Generated by org.testng.reporters.JUnitReportReporter -->
<testsuite skipped="0" hostname="MAVBCP139" name="calculatorTest.ParallelTest" tests="2" failures="0" timestamp="2020-07-02T11:03:52 IST" time="0.015" errors="0">
  <testcase name="testCaseTwo" time="0.003" classname="calculatorTest.ParallelTest"/>
  <system-out/>
  <testcase name="testCaseOne" time="0.012" classname="calculatorTest.ParallelTest"/>
  <system-out/>
</testsuite> <!-- calculatorTest.ParallelTest -->
